[14:16:37] [Server thread/INFO]: Starting minecraft server version 1.8.8
[14:16:37] [Server thread/INFO]: Loading properties
[14:16:37] [Server thread/INFO]: Default game type: SURVIVAL
[14:16:37] [Server thread/INFO]: This server is running CraftBukkit version git-PaperSpigot-445 (MC: 1.8.8) (Implementing API version 1.8.8-R0.1-SNAPSHOT)
[14:16:37] [Server thread/INFO]: Unable to find file banned-players.json, creating it.
[14:16:37] [Server thread/INFO]: Unable to find file banned-ips.json, creating it.
[14:16:37] [Server thread/INFO]: Unable to find file ops.json, creating it.
[14:16:37] [Server thread/INFO]: Unable to find file whitelist.json, creating it.
[14:16:37] [Server thread/INFO]: Debug logging is disabled
[14:16:37] [Server thread/INFO]: Spigot Timings: true - Verbose: true - Interval: 5m - Length: 60m
[14:16:37] [Server thread/INFO]: Server Ping Player Sample Count: 12
[14:16:37] [Server thread/INFO]: Using 4 threads for Netty based IO
[14:16:37] [Server thread/INFO]: Data value allowed items: 
[14:16:37] [Server thread/INFO]: Generating keypair
[14:16:37] [Server thread/INFO]: Starting Minecraft server on *:25565
[14:16:37] [Server thread/INFO]: Using epoll channel type
[14:16:37] [Server thread/INFO]: **** Beginning UUID conversion, this may take A LONG time ****
[14:16:37] [Server thread/INFO]: Preparing level "world"
[14:16:37] [Server thread/INFO]: -------- World Settings For [world] --------
[14:16:37] [Server thread/INFO]: Anti X-Ray: true
[14:16:37] [Server thread/INFO]: 	Engine Mode: 1
[14:16:37] [Server thread/INFO]: 	Hidden Blocks: [14, 15, 16, 21, 48, 49, 54, 56, 73, 74, 82, 129, 130]
[14:16:37] [Server thread/INFO]: 	Replace Blocks: [1, 5]
[14:16:37] [Server thread/INFO]: Mob Spawn Range: 4
[14:16:37] [Server thread/INFO]: Nerfing mobs spawned from spawners: false
[14:16:37] [Server thread/INFO]: Cactus Growth Modifier: 100%
[14:16:37] [Server thread/INFO]: Cane Growth Modifier: 100%
[14:16:37] [Server thread/INFO]: Melon Growth Modifier: 100%
[14:16:37] [Server thread/INFO]: Mushroom Growth Modifier: 100%
[14:16:37] [Server thread/INFO]: Pumpkin Growth Modifier: 100%
[14:16:37] [Server thread/INFO]: Sapling Growth Modifier: 100%
[14:16:37] [Server thread/INFO]: Wheat Growth Modifier: 100%
[14:16:37] [Server thread/INFO]: NetherWart Growth Modifier: 100%
[14:16:37] [Server thread/INFO]: Entity Activation Range: An 32 / Mo 32 / Mi 16
[14:16:37] [Server thread/INFO]: Entity Tracking Range: Pl 48 / An 48 / Mo 48 / Mi 32 / Other 64
[14:16:37] [Server thread/INFO]: Hopper Transfer: 8 Hopper Check: 8 Hopper Amount: 1
[14:16:37] [Server thread/INFO]: Random Lighting Updates: false
[14:16:37] [Server thread/INFO]: Structure Info Saving: true
[14:16:37] [Server thread/INFO]: Sending up to 10 chunks per packet
[14:16:37] [Server thread/INFO]: Max Entity Collisions: 8
[14:16:37] [Server thread/INFO]: Custom Map Seeds:  Village: 10387312 Feature: 14357617
[14:16:37] [Server thread/INFO]: Max TNT Explosions: 100
[14:16:37] [Server thread/INFO]: Tile Max Tick Time: 50ms Entity max Tick Time: 50ms
[14:16:37] [Server thread/INFO]: Item Despawn Rate: 6000
[14:16:37] [Server thread/INFO]: Item Merge Radius: 2.5
[14:16:37] [Server thread/INFO]: Arrow Despawn Rate: 1200
[14:16:37] [Server thread/INFO]: Allow Zombie Pigmen to spawn from portal blocks: true
[14:16:37] [Server thread/INFO]: View Distance: 10
[14:16:37] [Server thread/INFO]: Zombie Aggressive Towards Villager: true
[14:16:37] [Server thread/INFO]: Chunks to Grow per Tick: 650
[14:16:37] [Server thread/INFO]: Clear tick list: false
[14:16:37] [Server thread/INFO]: Experience Merge Radius: 3.0
[14:16:37] [Server thread/INFO]: -------- World Settings For [world] --------
[14:16:37] [Server thread/INFO]: Remove invalid mob spawner tile entities: true
[14:16:37] [Server thread/INFO]: Player blocking damage multiplier set to 0.5
[14:16:37] [Server thread/INFO]: Living Entity Despawn Ranges:  Soft: 32 Hard: 128
[14:16:37] [Server thread/INFO]: Max height for cactus growth 3. Max height for reed growth 3
[14:16:37] [Server thread/INFO]: Squids will spawn between Y: 45.0 and Y: 63.0
[14:16:37] [Server thread/INFO]: Water over lava flow speed: 5
[14:16:37] [Server thread/INFO]: Fix TNT cannons: false
[14:16:37] [Server thread/INFO]: Allow undead horse types to be leashed: false
[14:16:37] [Server thread/INFO]: Keep spawn chunk loaded: true
[14:16:37] [Server thread/INFO]: World async lighting: false
[14:16:37] [Server thread/INFO]: WorldServer TickNextTick cap set at 10000
[14:16:37] [Server thread/INFO]: WorldServer TickNextTickList cap always processes redstone: false
[14:16:37] [Server thread/INFO]: -------- World Settings For [world_nether] --------
[14:16:37] [Server thread/INFO]: Anti X-Ray: true
[14:16:37] [Server thread/INFO]: 	Engine Mode: 1
[14:16:37] [Server thread/INFO]: 	Hidden Blocks: [14, 15, 16, 21, 48, 49, 54, 56, 73, 74, 82, 129, 130]
[14:16:37] [Server thread/INFO]: 	Replace Blocks: [1, 5]
[14:16:37] [Server thread/INFO]: Mob Spawn Range: 4
[14:16:37] [Server thread/INFO]: Nerfing mobs spawned from spawners: false
[14:16:37] [Server thread/INFO]: Cactus Growth Modifier: 100%
[14:16:37] [Server thread/INFO]: Cane Growth Modifier: 100%
[14:16:37] [Server thread/INFO]: Melon Growth Modifier: 100%
[14:16:37] [Server thread/INFO]: Mushroom Growth Modifier: 100%
[14:16:37] [Server thread/INFO]: Pumpkin Growth Modifier: 100%
[14:16:37] [Server thread/INFO]: Sapling Growth Modifier: 100%
[14:16:37] [Server thread/INFO]: Wheat Growth Modifier: 100%
[14:16:37] [Server thread/INFO]: NetherWart Growth Modifier: 100%
[14:16:37] [Server thread/INFO]: Entity Activation Range: An 32 / Mo 32 / Mi 16
[14:16:37] [Server thread/INFO]: Entity Tracking Range: Pl 48 / An 48 / Mo 48 / Mi 32 / Other 64
[14:16:37] [Server thread/INFO]: Hopper Transfer: 8 Hopper Check: 8 Hopper Amount: 1
[14:16:37] [Server thread/INFO]: Random Lighting Updates: false
[14:16:37] [Server thread/INFO]: Structure Info Saving: true
[14:16:37] [Server thread/INFO]: Sending up to 10 chunks per packet
[14:16:37] [Server thread/INFO]: Max Entity Collisions: 8
[14:16:37] [Server thread/INFO]: Custom Map Seeds:  Village: 10387312 Feature: 14357617
[14:16:37] [Server thread/INFO]: Max TNT Explosions: 100
[14:16:37] [Server thread/INFO]: Tile Max Tick Time: 50ms Entity max Tick Time: 50ms
[14:16:37] [Server thread/INFO]: Item Despawn Rate: 6000
[14:16:37] [Server thread/INFO]: Item Merge Radius: 2.5
[14:16:37] [Server thread/INFO]: Arrow Despawn Rate: 1200
[14:16:37] [Server thread/INFO]: Allow Zombie Pigmen to spawn from portal blocks: true
[14:16:37] [Server thread/INFO]: View Distance: 10
[14:16:37] [Server thread/INFO]: Zombie Aggressive Towards Villager: true
[14:16:37] [Server thread/INFO]: Chunks to Grow per Tick: 650
[14:16:37] [Server thread/INFO]: Clear tick list: false
[14:16:37] [Server thread/INFO]: Experience Merge Radius: 3.0
[14:16:37] [Server thread/INFO]: -------- World Settings For [world_nether] --------
[14:16:37] [Server thread/INFO]: Remove invalid mob spawner tile entities: true
[14:16:37] [Server thread/INFO]: Player blocking damage multiplier set to 0.5
[14:16:37] [Server thread/INFO]: Living Entity Despawn Ranges:  Soft: 32 Hard: 128
[14:16:37] [Server thread/INFO]: Max height for cactus growth 3. Max height for reed growth 3
[14:16:37] [Server thread/INFO]: Squids will spawn between Y: 45.0 and Y: 63.0
[14:16:37] [Server thread/INFO]: Water over lava flow speed: 5
[14:16:37] [Server thread/INFO]: Fix TNT cannons: false
[14:16:37] [Server thread/INFO]: Allow undead horse types to be leashed: false
[14:16:37] [Server thread/INFO]: Keep spawn chunk loaded: true
[14:16:37] [Server thread/INFO]: World async lighting: false
[14:16:37] [Server thread/INFO]: WorldServer TickNextTick cap set at 10000
[14:16:37] [Server thread/INFO]: WorldServer TickNextTickList cap always processes redstone: false
[14:16:37] [Server thread/INFO]: -------- World Settings For [world_the_end] --------
[14:16:37] [Server thread/INFO]: Anti X-Ray: true
[14:16:37] [Server thread/INFO]: 	Engine Mode: 1
[14:16:37] [Server thread/INFO]: 	Hidden Blocks: [14, 15, 16, 21, 48, 49, 54, 56, 73, 74, 82, 129, 130]
[14:16:37] [Server thread/INFO]: 	Replace Blocks: [1, 5]
[14:16:37] [Server thread/INFO]: Mob Spawn Range: 4
[14:16:37] [Server thread/INFO]: Nerfing mobs spawned from spawners: false
[14:16:37] [Server thread/INFO]: Cactus Growth Modifier: 100%
[14:16:37] [Server thread/INFO]: Cane Growth Modifier: 100%
[14:16:37] [Server thread/INFO]: Melon Growth Modifier: 100%
[14:16:37] [Server thread/INFO]: Mushroom Growth Modifier: 100%
[14:16:37] [Server thread/INFO]: Pumpkin Growth Modifier: 100%
[14:16:37] [Server thread/INFO]: Sapling Growth Modifier: 100%
[14:16:37] [Server thread/INFO]: Wheat Growth Modifier: 100%
[14:16:37] [Server thread/INFO]: NetherWart Growth Modifier: 100%
[14:16:37] [Server thread/INFO]: Entity Activation Range: An 32 / Mo 32 / Mi 16
[14:16:37] [Server thread/INFO]: Entity Tracking Range: Pl 48 / An 48 / Mo 48 / Mi 32 / Other 64
[14:16:37] [Server thread/INFO]: Hopper Transfer: 8 Hopper Check: 8 Hopper Amount: 1
[14:16:37] [Server thread/INFO]: Random Lighting Updates: false
[14:16:37] [Server thread/INFO]: Structure Info Saving: true
[14:16:37] [Server thread/INFO]: Sending up to 10 chunks per packet
[14:16:37] [Server thread/INFO]: Max Entity Collisions: 8
[14:16:37] [Server thread/INFO]: Custom Map Seeds:  Village: 10387312 Feature: 14357617
[14:16:37] [Server thread/INFO]: Max TNT Explosions: 100
[14:16:37] [Server thread/INFO]: Tile Max Tick Time: 50ms Entity max Tick Time: 50ms
[14:16:37] [Server thread/INFO]: Item Despawn Rate: 6000
[14:16:37] [Server thread/INFO]: Item Merge Radius: 2.5
[14:16:37] [Server thread/INFO]: Arrow Despawn Rate: 1200
[14:16:37] [Server thread/INFO]: Allow Zombie Pigmen to spawn from portal blocks: true
[14:16:37] [Server thread/INFO]: View Distance: 10
[14:16:37] [Server thread/INFO]: Zombie Aggressive Towards Villager: true
[14:16:37] [Server thread/INFO]: Chunks to Grow per Tick: 650
[14:16:37] [Server thread/INFO]: Clear tick list: false
[14:16:37] [Server thread/INFO]: Experience Merge Radius: 3.0
[14:16:37] [Server thread/INFO]: -------- World Settings For [world_the_end] --------
[14:16:37] [Server thread/INFO]: Remove invalid mob spawner tile entities: true
[14:16:37] [Server thread/INFO]: Player blocking damage multiplier set to 0.5
[14:16:37] [Server thread/INFO]: Living Entity Despawn Ranges:  Soft: 32 Hard: 128
[14:16:37] [Server thread/INFO]: Max height for cactus growth 3. Max height for reed growth 3
[14:16:37] [Server thread/INFO]: Squids will spawn between Y: 45.0 and Y: 63.0
[14:16:37] [Server thread/INFO]: Water over lava flow speed: 5
[14:16:37] [Server thread/INFO]: Fix TNT cannons: false
[14:16:37] [Server thread/INFO]: Allow undead horse types to be leashed: false
[14:16:37] [Server thread/INFO]: Keep spawn chunk loaded: true
[14:16:37] [Server thread/INFO]: World async lighting: false
[14:16:37] [Server thread/INFO]: WorldServer TickNextTick cap set at 10000
[14:16:37] [Server thread/INFO]: WorldServer TickNextTickList cap always processes redstone: false
[14:16:37] [Server thread/INFO]: Preparing start region for level 0 (Seed: -8156065031739288977)
[14:16:38] [Server thread/INFO]: Preparing spawn area: 10%
[14:16:39] [Server thread/INFO]: Preparing spawn area: 26%
[14:16:40] [Server thread/INFO]: Preparing spawn area: 44%
[14:16:41] [Server thread/INFO]: Preparing spawn area: 69%
[14:16:42] [Server thread/INFO]: Preparing spawn area: 95%
[14:16:43] [Server thread/INFO]: Preparing start region for level 1 (Seed: -8156065031739288977)
[14:16:44] [Server thread/INFO]: Preparing spawn area: 34%
[14:16:45] [Server thread/INFO]: Preparing spawn area: 73%
[14:16:45] [Server thread/INFO]: Preparing start region for level 2 (Seed: -8156065031739288977)
[14:16:46] [Server thread/INFO]: Preparing spawn area: 90%
[14:16:46] [Server thread/INFO]: Done (9.290s)! For help, type "help" or "?"
[14:16:46] [Server thread/INFO]: Timings Reset
[14:17:08] [Server thread/INFO]: Could not op DanoPeluchoMc
[14:18:53] [Server thread/INFO]: com.mojang.authlib.GameProfile@79361f4d[id=<null>,name=DanoPeluchoMcv2,properties={},legacy=false] (/127.130.172.61:52809) lost connection: Disconnected
[14:22:03] [Server thread/INFO]: Unknown command. Type "/help" for help.[m
[14:22:20] [Server thread/INFO]: Could not op DanoPeluchoMcvs
[14:23:01] [Server thread/INFO]: Could not op DanoPeluchoMc2
[14:24:46] [Server thread/INFO]: Unknown command. Type "/help" for help.[m
[14:24:50] [Server thread/INFO]: Unknown command. Type "/help" for help.[m
[14:24:59] [Server thread/INFO]: [0;33;1m--------- [0;37;1mHelp: Index [0;33;1m---------------------------[m
[14:24:59] [Server thread/INFO]: [0;37;22mUse /help [n] to get page n of help.[m
[14:24:59] [Server thread/INFO]: [0;33;22mAliases: [0;37;1mLists command aliases[m
[14:24:59] [Server thread/INFO]: [0;33;22mBukkit: [0;37;1mAll commands for Bukkit[m
[14:24:59] [Server thread/INFO]: [0;33;22mMinecraft: [0;37;1mAll commands for Minecraft[m
[14:24:59] [Server thread/INFO]: [0;33;22m/achievement: [0;37;1mA Mojang provided command.[m
[14:24:59] [Server thread/INFO]: [0;33;22m/ban: [0;37;1mA Mojang provided command.[m
[14:24:59] [Server thread/INFO]: [0;33;22m/ban-ip: [0;37;1mA Mojang provided command.[m
[14:24:59] [Server thread/INFO]: [0;33;22m/banlist: [0;37;1mA Mojang provided command.[m
[14:24:59] [Server thread/INFO]: [0;33;22m/blockdata: [0;37;1mA Mojang provided command.[m
[14:24:59] [Server thread/INFO]: [0;33;22m/clear: [0;37;1mA Mojang provided command.[m
[14:24:59] [Server thread/INFO]: [0;33;22m/clone: [0;37;1mA Mojang provided command.[m
[14:24:59] [Server thread/INFO]: [0;33;22m/debug: [0;37;1mA Mojang provided command.[m
[14:24:59] [Server thread/INFO]: [0;33;22m/defaultgamemode: [0;37;1mA Mojang provided command.[m
[14:24:59] [Server thread/INFO]: [0;33;22m/deop: [0;37;1mA Mojang provided command.[m
[14:24:59] [Server thread/INFO]: [0;33;22m/difficulty: [0;37;1mA Mojang provided command.[m
[14:24:59] [Server thread/INFO]: [0;33;22m/effect: [0;37;1mA Mojang provided command.[m
[14:24:59] [Server thread/INFO]: [0;33;22m/enchant: [0;37;1mA Mojang provided command.[m
[14:24:59] [Server thread/INFO]: [0;33;22m/entitydata: [0;37;1mA Mojang provided command.[m
[14:24:59] [Server thread/INFO]: [0;33;22m/execute: [0;37;1mA Mojang provided command.[m
[14:24:59] [Server thread/INFO]: [0;33;22m/fill: [0;37;1mA Mojang provided command.[m
[14:24:59] [Server thread/INFO]: [0;33;22m/gamemode: [0;37;1mA Mojang provided command.[m
[14:24:59] [Server thread/INFO]: [0;33;22m/gamerule: [0;37;1mA Mojang provided command.[m
[14:24:59] [Server thread/INFO]: [0;33;22m/give: [0;37;1mA Mojang provided command.[m
[14:24:59] [Server thread/INFO]: [0;33;22m/help: [0;37;1mShows the help menu[m
[14:24:59] [Server thread/INFO]: [0;33;22m/kick: [0;37;1mA Mojang provided command.[m
[14:24:59] [Server thread/INFO]: [0;33;22m/kill: [0;37;1mA Mojang provided command.[m
[14:24:59] [Server thread/INFO]: [0;33;22m/list: [0;37;1mA Mojang provided command.[m
[14:24:59] [Server thread/INFO]: [0;33;22m/me: [0;37;1mA Mojang provided command.[m
[14:24:59] [Server thread/INFO]: [0;33;22m/minecraft:help: [0;37;1mA Mojang provided command.[m
[14:24:59] [Server thread/INFO]: [0;33;22m/minecraft:tell: [0;37;1mA Mojang provided command.[m
[14:24:59] [Server thread/INFO]: [0;33;22m/op: [0;37;1mA Mojang provided command.[m
[14:24:59] [Server thread/INFO]: [0;33;22m/pardon: [0;37;1mA Mojang provided command.[m
[14:24:59] [Server thread/INFO]: [0;33;22m/pardon-ip: [0;37;1mA Mojang provided command.[m
[14:24:59] [Server thread/INFO]: [0;33;22m/particle: [0;37;1mA Mojang provided command.[m
[14:24:59] [Server thread/INFO]: [0;33;22m/playsound: [0;37;1mA Mojang provided command.[m
[14:24:59] [Server thread/INFO]: [0;33;22m/plugins: [0;37;1mGets a list of plugins running on the server[m
[14:24:59] [Server thread/INFO]: [0;33;22m/reload: [0;37;1mReloads the server configuration and plugins[m
[14:24:59] [Server thread/INFO]: [0;33;22m/replaceitem: [0;37;1mA Mojang provided command.[m
[14:24:59] [Server thread/INFO]: [0;33;22m/restart: [0;37;1mRestarts the server[m
[14:24:59] [Server thread/INFO]: [0;33;22m/save-all: [0;37;1mA Mojang provided command.[m
[14:24:59] [Server thread/INFO]: [0;33;22m/save-off: [0;37;1mA Mojang provided command.[m
[14:24:59] [Server thread/INFO]: [0;33;22m/save-on: [0;37;1mA Mojang provided command.[m
[14:24:59] [Server thread/INFO]: [0;33;22m/say: [0;37;1mA Mojang provided command.[m
[14:24:59] [Server thread/INFO]: [0;33;22m/scoreboard: [0;37;1mA Mojang provided command.[m
[14:24:59] [Server thread/INFO]: [0;33;22m/seed: [0;37;1mA Mojang provided command.[m
[14:24:59] [Server thread/INFO]: [0;33;22m/setblock: [0;37;1mA Mojang provided command.[m
[14:24:59] [Server thread/INFO]: [0;33;22m/setidletimeout: [0;37;1mA Mojang provided command.[m
[14:24:59] [Server thread/INFO]: [0;33;22m/setworldspawn: [0;37;1mA Mojang provided command.[m
[14:24:59] [Server thread/INFO]: [0;33;22m/spawnpoint: [0;37;1mA Mojang provided command.[m
[14:24:59] [Server thread/INFO]: [0;33;22m/spreadplayers: [0;37;1mA Mojang provided command.[m
[14:24:59] [Server thread/INFO]: [0;33;22m/stats: [0;37;1mA Mojang provided command.[m
[14:24:59] [Server thread/INFO]: [0;33;22m/stop: [0;37;1mA Mojang provided command.[m
[14:24:59] [Server thread/INFO]: [0;33;22m/summon: [0;37;1mA Mojang provided command.[m
[14:24:59] [Server thread/INFO]: [0;33;22m/tell: [0;37;1mA Mojang provided command.[m
[14:24:59] [Server thread/INFO]: [0;33;22m/tellraw: [0;37;1mA Mojang provided command.[m
[14:24:59] [Server thread/INFO]: [0;33;22m/testfor: [0;37;1mA Mojang provided command.[m
[14:24:59] [Server thread/INFO]: [0;33;22m/testforblock: [0;37;1mA Mojang provided command.[m
[14:24:59] [Server thread/INFO]: [0;33;22m/testforblocks: [0;37;1mA Mojang provided command.[m
[14:24:59] [Server thread/INFO]: [0;33;22m/time: [0;37;1mA Mojang provided command.[m
[14:24:59] [Server thread/INFO]: [0;33;22m/timings: [0;37;1mManages Spigot Timings data to see performance of the server.[m
[14:24:59] [Server thread/INFO]: [0;33;22m/title: [0;37;1mA Mojang provided command.[m
[14:24:59] [Server thread/INFO]: [0;33;22m/toggledownfall: [0;37;1mA Mojang provided command.[m
[14:24:59] [Server thread/INFO]: [0;33;22m/tp: [0;37;1mA Mojang provided command.[m
[14:24:59] [Server thread/INFO]: [0;33;22m/tps: [0;37;1mGets the current ticks per second for the server[m
[14:24:59] [Server thread/INFO]: [0;33;22m/trigger: [0;37;1mA Mojang provided command.[m
[14:24:59] [Server thread/INFO]: [0;33;22m/version: [0;37;1mGets the version of this server including any plugins in use[m
[14:24:59] [Server thread/INFO]: [0;33;22m/weather: [0;37;1mA Mojang provided command.[m
[14:24:59] [Server thread/INFO]: [0;33;22m/whitelist: [0;37;1mA Mojang provided command.[m
[14:24:59] [Server thread/INFO]: [0;33;22m/worldborder: [0;37;1mA Mojang provided command.[m
[14:24:59] [Server thread/INFO]: [0;33;22m/xp: [0;37;1mA Mojang provided command.[m
[14:25:20] [Server thread/INFO]: Could not op DanoPeluchoMv2
[14:27:09] [Server thread/INFO]: com.mojang.authlib.GameProfile@3826c2e[id=<null>,name=DanoPeluchoMcv2,properties={},legacy=false] (/127.130.172.61:39327) lost connection: Disconnected
[14:27:15] [Server thread/INFO]: com.mojang.authlib.GameProfile@680f6d17[id=<null>,name=DanoPeluchoMcv2,properties={},legacy=false] (/127.130.172.61:38281) lost connection: Disconnected
[14:27:22] [Server thread/INFO]: com.mojang.authlib.GameProfile@1a680d43[id=<null>,name=DanoPeluchoMcv2,properties={},legacy=false] (/127.130.172.61:58503) lost connection: Disconnected
